<?xml version="1.0" encoding="UTF-8"?>
<!-- Generated by org.testng.reporters.JUnitReportReporter -->
<testsuite hostname="Nils-PC" failures="0" tests="1" name="Tester" time="0.052" errors="0" timestamp="2019-07-11T13:07:06 MESZ" skipped="0">
  <testcase classname="Tester" name="testCase" time="0.052"/>
</testsuite> <!-- Tester -->
